{
  "numTotalTestSuites": 29,
  "numPassedTestSuites": 29,
  "numFailedTestSuites": 0,
  "numPendingTestSuites": 0,
  "numTotalTests": 60,
  "numPassedTests": 60,
  "numFailedTests": 0,
  "numPendingTests": 0,
  "numTodoTests": 0,
  "snapshot": {
    "added": 0,
    "failure": false,
    "filesAdded": 0,
    "filesRemoved": 0,
    "filesRemovedList": [],
    "filesUnmatched": 0,
    "filesUpdated": 0,
    "matched": 0,
    "total": 0,
    "unchecked": 0,
    "uncheckedKeysByFile": [],
    "unmatched": 0,
    "updated": 0,
    "didUpdate": false
  },
  "startTime": 1783759607792,
  "success": true,
  "testResults": [
    {
      "assertionResults": [
        {
          "ancestorTitles": ["application accessibility"],
          "fullName": "application accessibility has no detectable violations in the initial decision workspace",
          "status": "passed",
          "title": "has no detectable violations in the initial decision workspace",
          "duration": 454.86188500000003,
          "failureMessages": [],
          "meta": {},
          "tags": []
        },
        {
          "ancestorTitles": ["application accessibility"],
          "fullName": "application accessibility has no detectable violations in the generated approval state",
          "status": "passed",
          "title": "has no detectable violations in the generated approval state",
          "duration": 869.55937,
          "failureMessages": [],
          "meta": {},
          "tags": []
        },
        {
          "ancestorTitles": ["application accessibility"],
          "fullName": "application accessibility supports arrow, Home, and End keys in multilingual tabs",
          "status": "passed",
          "title": "supports arrow, Home, and End keys in multilingual tabs",
          "duration": 278.9310449999998,
          "failureMessages": [],
          "meta": {},
          "tags": []
        }
      ],
      "startTime": 1783759612580,
      "endTime": 1783759614182.9312,
      "status": "passed",
      "message": "",
      "name": "/home/user/stadium-ops/tests/accessibility/AppAccessibility.test.tsx"
    },
    {
      "assertionResults": [
        {
          "ancestorTitles": ["design-token contrast"],
          "fullName": "design-token contrast keeps ink on night at WCAG AA normal-text contrast",
          "status": "passed",
          "title": "keeps ink on night at WCAG AA normal-text contrast",
          "duration": 1.8550329999999349,
          "failureMessages": [],
          "meta": {},
          "tags": []
        },
        {
          "ancestorTitles": ["design-token contrast"],
          "fullName": "design-token contrast keeps muted on night at WCAG AA normal-text contrast",
          "status": "passed",
          "title": "keeps muted on night at WCAG AA normal-text contrast",
          "duration": 0.2806719999999814,
          "failureMessages": [],
          "meta": {},
          "tags": []
        },
        {
          "ancestorTitles": ["design-token contrast"],
          "fullName": "design-token contrast keeps accent on night at WCAG AA normal-text contrast",
          "status": "passed",
          "title": "keeps accent on night at WCAG AA normal-text contrast",
          "duration": 0.37131399999998393,
          "failureMessages": [],
          "meta": {},
          "tags": []
        },
        {
          "ancestorTitles": ["design-token contrast"],
          "fullName": "design-token contrast keeps paper-ink on paper at WCAG AA normal-text contrast",
          "status": "passed",
          "title": "keeps paper-ink on paper at WCAG AA normal-text contrast",
          "duration": 0.41048799999998664,
          "failureMessages": [],
          "meta": {},
          "tags": []
        },
        {
          "ancestorTitles": ["design-token contrast"],
          "fullName": "design-token contrast keeps paper-muted on paper at WCAG AA normal-text contrast",
          "status": "passed",
          "title": "keeps paper-muted on paper at WCAG AA normal-text contrast",
          "duration": 0.33191500000009455,
          "failureMessages": [],
          "meta": {},
          "tags": []
        },
        {
          "ancestorTitles": ["design-token contrast"],
          "fullName": "design-token contrast keeps mint on surface at WCAG AA normal-text contrast",
          "status": "passed",
          "title": "keeps mint on surface at WCAG AA normal-text contrast",
          "duration": 0.24636399999997138,
          "failureMessages": [],
          "meta": {},
          "tags": []
        },
        {
          "ancestorTitles": ["design-token contrast"],
          "fullName": "design-token contrast keeps muted on surface at WCAG AA normal-text contrast",
          "status": "passed",
          "title": "keeps muted on surface at WCAG AA normal-text contrast",
          "duration": 0.20433699999989585,
          "failureMessages": [],
          "meta": {},
          "tags": []
        },
        {
          "ancestorTitles": ["design-token contrast"],
          "fullName": "design-token contrast keeps primary button text above AA contrast",
          "status": "passed",
          "title": "keeps primary button text above AA contrast",
          "duration": 0.16640099999995073,
          "failureMessages": [],
          "meta": {},
          "tags": []
        }
      ],
      "startTime": 1783759626744,
      "endTime": 1783759626748.2043,
      "status": "passed",
      "message": "",
      "name": "/home/user/stadium-ops/tests/accessibility/contrastTokens.test.ts"
    },
    {
      "assertionResults": [
        {
          "ancestorTitles": ["visible decision workflow"],
          "fullName": "visible decision workflow explains the product purpose before any interaction",
          "status": "passed",
          "title": "explains the product purpose before any interaction",
          "duration": 163.06230500000015,
          "failureMessages": [],
          "meta": {},
          "tags": []
        },
        {
          "ancestorTitles": ["visible decision workflow"],
          "fullName": "visible decision workflow surfaces reasoning, confidence, constraints, validation, and rejected alternatives",
          "status": "passed",
          "title": "surfaces reasoning, confidence, constraints, validation, and rejected alternatives",
          "duration": 220.45957700000008,
          "failureMessages": [],
          "meta": {},
          "tags": []
        },
        {
          "ancestorTitles": ["visible decision workflow"],
          "fullName": "visible decision workflow keeps relay locked until both acknowledgements and writes an audit receipt",
          "status": "passed",
          "title": "keeps relay locked until both acknowledgements and writes an audit receipt",
          "duration": 363.5880699999998,
          "failureMessages": [],
          "meta": {},
          "tags": []
        }
      ],
      "startTime": 1783759615364,
      "endTime": 1783759616111.5881,
      "status": "passed",
      "message": "",
      "name": "/home/user/stadium-ops/tests/integration/HomeWorkflow.test.tsx"
    },
    {
      "assertionResults": [
        {
          "ancestorTitles": ["decision workflow"],
          "fullName": "decision workflow compiles provider candidates, challenges them, and selects the safe plan",
          "status": "passed",
          "title": "compiles provider candidates, challenges them, and selects the safe plan",
          "duration": 3.424938999999995,
          "failureMessages": [],
          "meta": {},
          "tags": []
        },
        {
          "ancestorTitles": ["decision workflow"],
          "fullName": "decision workflow returns a typed not-found error",
          "status": "passed",
          "title": "returns a typed not-found error",
          "duration": 1.3471059999999397,
          "failureMessages": [],
          "meta": {},
          "tags": []
        },
        {
          "ancestorTitles": ["decision workflow"],
          "fullName": "decision workflow does not blur a provider outage into an unsafe fallback",
          "status": "passed",
          "title": "does not blur a provider outage into an unsafe fallback",
          "duration": 0.5164590000000544,
          "failureMessages": [],
          "meta": {},
          "tags": []
        },
        {
          "ancestorTitles": ["decision workflow"],
          "fullName": "decision workflow rejects a generation response when every candidate is unsafe",
          "status": "passed",
          "title": "rejects a generation response when every candidate is unsafe",
          "duration": 0.6619600000000219,
          "failureMessages": [],
          "meta": {},
          "tags": []
        },
        {
          "ancestorTitles": ["decision workflow"],
          "fullName": "decision workflow persists the approval receipt before returning a relay-ready decision",
          "status": "passed",
          "title": "persists the approval receipt before returning a relay-ready decision",
          "duration": 1.530228999999963,
          "failureMessages": [],
          "meta": {},
          "tags": []
        },
        {
          "ancestorTitles": ["decision workflow"],
          "fullName": "decision workflow keeps acknowledgement failures out of the audit log",
          "status": "passed",
          "title": "keeps acknowledgement failures out of the audit log",
          "duration": 0.5078040000000783,
          "failureMessages": [],
          "meta": {},
          "tags": []
        },
        {
          "ancestorTitles": ["decision workflow"],
          "fullName": "decision workflow does not report approval when audit persistence fails",
          "status": "passed",
          "title": "does not report approval when audit persistence fails",
          "duration": 0.44383300000004056,
          "failureMessages": [],
          "meta": {},
          "tags": []
        }
      ],
      "startTime": 1783759623239,
      "endTime": 1783759623247.4438,
      "status": "passed",
      "message": "",
      "name": "/home/user/stadium-ops/tests/integration/decisionWorkflow.test.ts"
    },
    {
      "assertionResults": [
        {
          "ancestorTitles": ["visible evidence routes"],
          "fullName": "visible evidence routes renders /quality with a single explicit page identity",
          "status": "passed",
          "title": "renders /quality with a single explicit page identity",
          "duration": 397.2388350000001,
          "failureMessages": [],
          "meta": {},
          "tags": []
        },
        {
          "ancestorTitles": ["visible evidence routes"],
          "fullName": "visible evidence routes renders /architecture with a single explicit page identity",
          "status": "passed",
          "title": "renders /architecture with a single explicit page identity",
          "duration": 327.231493,
          "failureMessages": [],
          "meta": {},
          "tags": []
        },
        {
          "ancestorTitles": ["visible evidence routes"],
          "fullName": "visible evidence routes renders /security with a single explicit page identity",
          "status": "passed",
          "title": "renders /security with a single explicit page identity",
          "duration": 320.39432499999975,
          "failureMessages": [],
          "meta": {},
          "tags": []
        },
        {
          "ancestorTitles": ["visible evidence routes"],
          "fullName": "visible evidence routes renders /testing with a single explicit page identity",
          "status": "passed",
          "title": "renders /testing with a single explicit page identity",
          "duration": 324.40875400000004,
          "failureMessages": [],
          "meta": {},
          "tags": []
        },
        {
          "ancestorTitles": ["visible evidence routes"],
          "fullName": "visible evidence routes renders /accessibility with a single explicit page identity",
          "status": "passed",
          "title": "renders /accessibility with a single explicit page identity",
          "duration": 321.0833819999998,
          "failureMessages": [],
          "meta": {},
          "tags": []
        },
        {
          "ancestorTitles": ["visible evidence routes"],
          "fullName": "visible evidence routes renders /challenge-alignment with a single explicit page identity",
          "status": "passed",
          "title": "renders /challenge-alignment with a single explicit page identity",
          "duration": 316.58774200000016,
          "failureMessages": [],
          "meta": {},
          "tags": []
        },
        {
          "ancestorTitles": ["visible evidence routes"],
          "fullName": "visible evidence routes navigates without a reload and updates current-page state",
          "status": "passed",
          "title": "navigates without a reload and updates current-page state",
          "duration": 145.85848399999986,
          "failureMessages": [],
          "meta": {},
          "tags": []
        },
        {
          "ancestorTitles": ["visible evidence routes"],
          "fullName": "visible evidence routes provides a safe recovery route for an unknown path",
          "status": "passed",
          "title": "provides a safe recovery route for an unknown path",
          "duration": 14.671706000000086,
          "failureMessages": [],
          "meta": {},
          "tags": []
        }
      ],
      "startTime": 1783759609149,
      "endTime": 1783759611316.6716,
      "status": "passed",
      "message": "",
      "name": "/home/user/stadium-ops/tests/integration/evidenceRoutes.test.tsx"
    },
    {
      "assertionResults": [
        {
          "ancestorTitles": ["ErrorBoundary"],
          "fullName": "ErrorBoundary fails closed with a recovery explanation",
          "status": "passed",
          "title": "fails closed with a recovery explanation",
          "duration": 149.547055,
          "failureMessages": [],
          "meta": {},
          "tags": []
        }
      ],
      "startTime": 1783759619363,
      "endTime": 1783759619512.547,
      "status": "passed",
      "message": "",
      "name": "/home/user/stadium-ops/tests/unit/ErrorBoundary.test.tsx"
    },
    {
      "assertionResults": [
        {
          "ancestorTitles": ["GatewayDecisionProvider"],
          "fullName": "GatewayDecisionProvider accepts a schema-valid gateway packet",
          "status": "passed",
          "title": "accepts a schema-valid gateway packet",
          "duration": 20.817538000000013,
          "failureMessages": [],
          "meta": {},
          "tags": []
        },
        {
          "ancestorTitles": ["GatewayDecisionProvider"],
          "fullName": "GatewayDecisionProvider rejects a non-success gateway response",
          "status": "passed",
          "title": "rejects a non-success gateway response",
          "duration": 1.7212600000000293,
          "failureMessages": [],
          "meta": {},
          "tags": []
        },
        {
          "ancestorTitles": ["GatewayDecisionProvider"],
          "fullName": "GatewayDecisionProvider rejects provider output that misses the strict schema",
          "status": "passed",
          "title": "rejects provider output that misses the strict schema",
          "duration": 1.91901299999995,
          "failureMessages": [],
          "meta": {},
          "tags": []
        },
        {
          "ancestorTitles": ["GatewayDecisionProvider"],
          "fullName": "GatewayDecisionProvider returns a typed unavailable state for a network failure",
          "status": "passed",
          "title": "returns a typed unavailable state for a network failure",
          "duration": 0.9972130000001016,
          "failureMessages": [],
          "meta": {},
          "tags": []
        },
        {
          "ancestorTitles": ["GatewayDecisionProvider"],
          "fullName": "GatewayDecisionProvider distinguishes a timeout from a generic network failure",
          "status": "passed",
          "title": "distinguishes a timeout from a generic network failure",
          "duration": 5.157216999999946,
          "failureMessages": [],
          "meta": {},
          "tags": []
        }
      ],
      "startTime": 1783759621398,
      "endTime": 1783759621428.1572,
      "status": "passed",
      "message": "",
      "name": "/home/user/stadium-ops/tests/unit/GatewayDecisionProvider.test.ts"
    },
    {
      "assertionResults": [
        {
          "ancestorTitles": ["application service composition"],
          "fullName": "application service composition loads the live gateway only when live mode is selected",
          "status": "passed",
          "title": "loads the live gateway only when live mode is selected",
          "duration": 73.91312599999992,
          "failureMessages": [],
          "meta": {},
          "tags": []
        }
      ],
      "startTime": 1783759620384,
      "endTime": 1783759620457.913,
      "status": "passed",
      "message": "",
      "name": "/home/user/stadium-ops/tests/unit/applicationServices.test.ts"
    },
    {
      "assertionResults": [
        {
          "ancestorTitles": ["approveDecision"],
          "fullName": "approveDecision blocks approval until both safety acknowledgements are explicit",
          "status": "passed",
          "title": "blocks approval until both safety acknowledgements are explicit",
          "duration": 3.7763419999999996,
          "failureMessages": [],
          "meta": {},
          "tags": []
        },
        {
          "ancestorTitles": ["approveDecision"],
          "fullName": "approveDecision creates an immutable approval receipt for a reviewed decision",
          "status": "passed",
          "title": "creates an immutable approval receipt for a reviewed decision",
          "duration": 1.1320560000000341,
          "failureMessages": [],
          "meta": {},
          "tags": []
        }
      ],
      "startTime": 1783759625896,
      "endTime": 1783759625901.132,
      "status": "passed",
      "message": "",
      "name": "/home/user/stadium-ops/tests/unit/approveDecision.test.ts"
    },
    {
      "assertionResults": [
        {
          "ancestorTitles": ["evaluateCandidate"],
          "fullName": "evaluateCandidate accepts a complete, grounded plan inside hard constraints",
          "status": "passed",
          "title": "accepts a complete, grounded plan inside hard constraints",
          "duration": 2.9534400000000005,
          "failureMessages": [],
          "meta": {},
          "tags": []
        },
        {
          "ancestorTitles": ["evaluateCandidate"],
          "fullName": "evaluateCandidate rejects pressure above the operating envelope",
          "status": "passed",
          "title": "rejects pressure above the operating envelope",
          "duration": 0.8072379999999839,
          "failureMessages": [],
          "meta": {},
          "tags": []
        },
        {
          "ancestorTitles": ["evaluateCandidate"],
          "fullName": "evaluateCandidate uses accessibility as a veto instead of a weighted preference",
          "status": "passed",
          "title": "uses accessibility as a veto instead of a weighted preference",
          "duration": 0.5511149999999816,
          "failureMessages": [],
          "meta": {},
          "tags": []
        },
        {
          "ancestorTitles": ["evaluateCandidate"],
          "fullName": "evaluateCandidate warns between the accessibility floor and target",
          "status": "passed",
          "title": "warns between the accessibility floor and target",
          "duration": 0.4808709999999792,
          "failureMessages": [],
          "meta": {},
          "tags": []
        },
        {
          "ancestorTitles": ["evaluateCandidate"],
          "fullName": "evaluateCandidate prohibits high confidence when transport evidence is stale",
          "status": "passed",
          "title": "prohibits high confidence when transport evidence is stale",
          "duration": 0.4165539999999055,
          "failureMessages": [],
          "meta": {},
          "tags": []
        },
        {
          "ancestorTitles": ["evaluateCandidate"],
          "fullName": "evaluateCandidate warns rather than fabricating freshness for a medium-confidence plan",
          "status": "passed",
          "title": "warns rather than fabricating freshness for a medium-confidence plan",
          "duration": 0.42654800000002524,
          "failureMessages": [],
          "meta": {},
          "tags": []
        },
        {
          "ancestorTitles": ["evaluateCandidate"],
          "fullName": "evaluateCandidate rejects unsupported model-supplied evidence identifiers",
          "status": "passed",
          "title": "rejects unsupported model-supplied evidence identifiers",
          "duration": 0.2616179999999986,
          "failureMessages": [],
          "meta": {},
          "tags": []
        },
        {
          "ancestorTitles": ["evaluateCandidate"],
          "fullName": "evaluateCandidate removes latency score when a plan misses the decision target",
          "status": "passed",
          "title": "removes latency score when a plan misses the decision target",
          "duration": 0.3579369999999926,
          "failureMessages": [],
          "meta": {},
          "tags": []
        },
        {
          "ancestorTitles": ["evaluateCandidate"],
          "fullName": "evaluateCandidate rejects incomplete language coverage",
          "status": "passed",
          "title": "rejects incomplete language coverage",
          "duration": 0.36960100000010243,
          "failureMessages": [],
          "meta": {},
          "tags": []
        }
      ],
      "startTime": 1783759624111,
      "endTime": 1783759624117.3696,
      "status": "passed",
      "message": "",
      "name": "/home/user/stadium-ops/tests/unit/evaluateCandidate.test.ts"
    },
    {
      "assertionResults": [
        {
          "ancestorTitles": ["presentation failure and terminal branches"],
          "fullName": "presentation failure and terminal branches labels compiling, compiled, approved, and error states explicitly",
          "status": "passed",
          "title": "labels compiling, compiled, approved, and error states explicitly",
          "duration": 200.18100800000002,
          "failureMessages": [],
          "meta": {},
          "tags": []
        },
        {
          "ancestorTitles": ["presentation failure and terminal branches"],
          "fullName": "presentation failure and terminal branches retries the stable replay through the explicit error control",
          "status": "passed",
          "title": "retries the stable replay through the explicit error control",
          "duration": 41.34755199999995,
          "failureMessages": [],
          "meta": {},
          "tags": []
        },
        {
          "ancestorTitles": ["presentation failure and terminal branches"],
          "fullName": "presentation failure and terminal branches renders a fully pending operational flow after a typed failure",
          "status": "passed",
          "title": "renders a fully pending operational flow after a typed failure",
          "duration": 9.47994000000017,
          "failureMessages": [],
          "meta": {},
          "tags": []
        },
        {
          "ancestorTitles": ["presentation failure and terminal branches"],
          "fullName": "presentation failure and terminal branches keeps the approval panel in place when application approval fails",
          "status": "passed",
          "title": "keeps the approval panel in place when application approval fails",
          "duration": 108.87062300000002,
          "failureMessages": [],
          "meta": {},
          "tags": []
        },
        {
          "ancestorTitles": ["presentation failure and terminal branches"],
          "fullName": "presentation failure and terminal branches renders no relay when a validated locale cannot be found",
          "status": "passed",
          "title": "renders no relay when a validated locale cannot be found",
          "duration": 1.991467000000057,
          "failureMessages": [],
          "meta": {},
          "tags": []
        },
        {
          "ancestorTitles": ["navigation guard branches"],
          "fullName": "navigation guard branches does not push duplicate history for the current path",
          "status": "passed",
          "title": "does not push duplicate history for the current path",
          "duration": 1.8720659999999043,
          "failureMessages": [],
          "meta": {},
          "tags": []
        },
        {
          "ancestorTitles": ["navigation guard branches"],
          "fullName": "navigation guard branches preserves modified and explicitly prevented link behavior",
          "status": "passed",
          "title": "preserves modified and explicitly prevented link behavior",
          "duration": 11.980925999999954,
          "failureMessages": [],
          "meta": {},
          "tags": []
        }
      ],
      "startTime": 1783759617064,
      "endTime": 1783759617439.981,
      "status": "passed",
      "message": "",
      "name": "/home/user/stadium-ops/tests/unit/presentationBranches.test.tsx"
    },
    {
      "assertionResults": [
        {
          "ancestorTitles": ["provider boundary"],
          "fullName": "provider boundary keeps replay fixtures inside the same runtime schemas as live mode",
          "status": "passed",
          "title": "keeps replay fixtures inside the same runtime schemas as live mode",
          "duration": 7.859457999999904,
          "failureMessages": [],
          "meta": {},
          "tags": []
        },
        {
          "ancestorTitles": ["provider boundary"],
          "fullName": "provider boundary separates untrusted operational data from the control policy",
          "status": "passed",
          "title": "separates untrusted operational data from the control policy",
          "duration": 0.6035029999999324,
          "failureMessages": [],
          "meta": {},
          "tags": []
        },
        {
          "ancestorTitles": ["provider boundary"],
          "fullName": "provider boundary rejects oversized and unknown candidate fields",
          "status": "passed",
          "title": "rejects oversized and unknown candidate fields",
          "duration": 1.2411779999999908,
          "failureMessages": [],
          "meta": {},
          "tags": []
        }
      ],
      "startTime": 1783759622369,
      "endTime": 1783759622379.2412,
      "status": "passed",
      "message": "",
      "name": "/home/user/stadium-ops/tests/unit/providerBoundary.test.ts"
    },
    {
      "assertionResults": [
        {
          "ancestorTitles": ["selectDecision"],
          "fullName": "selectDecision selects an eligible plan ahead of a higher-throughput rejected plan",
          "status": "passed",
          "title": "selects an eligible plan ahead of a higher-throughput rejected plan",
          "duration": 2.406483000000094,
          "failureMessages": [],
          "meta": {},
          "tags": []
        },
        {
          "ancestorTitles": ["selectDecision"],
          "fullName": "selectDecision returns a typed error when no candidate passes hard constraints",
          "status": "passed",
          "title": "returns a typed error when no candidate passes hard constraints",
          "duration": 1.30609400000003,
          "failureMessages": [],
          "meta": {},
          "tags": []
        }
      ],
      "startTime": 1783759624989,
      "endTime": 1783759624992.3062,
      "status": "passed",
      "message": "",
      "name": "/home/user/stadium-ops/tests/unit/selectDecision.test.ts"
    },
    {
      "assertionResults": [
        {
          "ancestorTitles": ["useDecisionWorkflow"],
          "fullName": "useDecisionWorkflow ignores premature approval and supports an explicit reset",
          "status": "passed",
          "title": "ignores premature approval and supports an explicit reset",
          "duration": 197.21768999999995,
          "failureMessages": [],
          "meta": {},
          "tags": []
        }
      ],
      "startTime": 1783759618315,
      "endTime": 1783759618512.2178,
      "status": "passed",
      "message": "",
      "name": "/home/user/stadium-ops/tests/unit/useDecisionWorkflow.test.tsx"
    }
  ]
}
