{
  "numTotalTestSuites": 34,
  "numPassedTestSuites": 34,
  "numFailedTestSuites": 0,
  "numPendingTestSuites": 0,
  "numTotalTests": 75,
  "numPassedTests": 75,
  "numFailedTests": 0,
  "numPendingTests": 0,
  "numTodoTests": 0,
  "snapshot": {
    "added": 0,
    "failure": false,
    "filesAdded": 0,
    "filesRemoved": 0,
    "filesRemovedList": [],
    "filesUnmatched": 0,
    "filesUpdated": 0,
    "matched": 0,
    "total": 0,
    "unchecked": 0,
    "uncheckedKeysByFile": [],
    "unmatched": 0,
    "updated": 0,
    "didUpdate": false
  },
  "startTime": 1783774187729,
  "success": true,
  "testResults": [
    {
      "assertionResults": [
        {
          "ancestorTitles": ["application accessibility"],
          "fullName": "application accessibility has no detectable violations in the initial decision workspace",
          "status": "passed",
          "title": "has no detectable violations in the initial decision workspace",
          "duration": 502.88099799999986,
          "failureMessages": [],
          "meta": {},
          "tags": []
        },
        {
          "ancestorTitles": ["application accessibility"],
          "fullName": "application accessibility has no detectable violations in the generated approval state",
          "status": "passed",
          "title": "has no detectable violations in the generated approval state",
          "duration": 1006.8459309999998,
          "failureMessages": [],
          "meta": {},
          "tags": []
        },
        {
          "ancestorTitles": ["application accessibility"],
          "fullName": "application accessibility supports arrow, Home, and End keys in multilingual tabs",
          "status": "passed",
          "title": "supports arrow, Home, and End keys in multilingual tabs",
          "duration": 333.09353999999985,
          "failureMessages": [],
          "meta": {},
          "tags": []
        }
      ],
      "startTime": 1783774192882,
      "endTime": 1783774194725.0935,
      "status": "passed",
      "message": "",
      "name": "/home/user/stadium-ops/tests/accessibility/AppAccessibility.test.tsx"
    },
    {
      "assertionResults": [
        {
          "ancestorTitles": ["design-token contrast"],
          "fullName": "design-token contrast keeps ink on night at WCAG AA normal-text contrast",
          "status": "passed",
          "title": "keeps ink on night at WCAG AA normal-text contrast",
          "duration": 1.7385160000000042,
          "failureMessages": [],
          "meta": {},
          "tags": []
        },
        {
          "ancestorTitles": ["design-token contrast"],
          "fullName": "design-token contrast keeps muted on night at WCAG AA normal-text contrast",
          "status": "passed",
          "title": "keeps muted on night at WCAG AA normal-text contrast",
          "duration": 0.2799810000000207,
          "failureMessages": [],
          "meta": {},
          "tags": []
        },
        {
          "ancestorTitles": ["design-token contrast"],
          "fullName": "design-token contrast keeps accent on night at WCAG AA normal-text contrast",
          "status": "passed",
          "title": "keeps accent on night at WCAG AA normal-text contrast",
          "duration": 0.4501070000000027,
          "failureMessages": [],
          "meta": {},
          "tags": []
        },
        {
          "ancestorTitles": ["design-token contrast"],
          "fullName": "design-token contrast keeps paper-ink on paper at WCAG AA normal-text contrast",
          "status": "passed",
          "title": "keeps paper-ink on paper at WCAG AA normal-text contrast",
          "duration": 0.40729799999996885,
          "failureMessages": [],
          "meta": {},
          "tags": []
        },
        {
          "ancestorTitles": ["design-token contrast"],
          "fullName": "design-token contrast keeps paper-muted on paper at WCAG AA normal-text contrast",
          "status": "passed",
          "title": "keeps paper-muted on paper at WCAG AA normal-text contrast",
          "duration": 0.2775420000000395,
          "failureMessages": [],
          "meta": {},
          "tags": []
        },
        {
          "ancestorTitles": ["design-token contrast"],
          "fullName": "design-token contrast keeps mint on surface at WCAG AA normal-text contrast",
          "status": "passed",
          "title": "keeps mint on surface at WCAG AA normal-text contrast",
          "duration": 0.25029800000004343,
          "failureMessages": [],
          "meta": {},
          "tags": []
        },
        {
          "ancestorTitles": ["design-token contrast"],
          "fullName": "design-token contrast keeps muted on surface at WCAG AA normal-text contrast",
          "status": "passed",
          "title": "keeps muted on surface at WCAG AA normal-text contrast",
          "duration": 0.20009400000003552,
          "failureMessages": [],
          "meta": {},
          "tags": []
        },
        {
          "ancestorTitles": ["design-token contrast"],
          "fullName": "design-token contrast keeps primary button text above AA contrast",
          "status": "passed",
          "title": "keeps primary button text above AA contrast",
          "duration": 0.17679999999995744,
          "failureMessages": [],
          "meta": {},
          "tags": []
        }
      ],
      "startTime": 1783774210266,
      "endTime": 1783774210269.2776,
      "status": "passed",
      "message": "",
      "name": "/home/user/stadium-ops/tests/accessibility/contrastTokens.test.ts"
    },
    {
      "assertionResults": [
        {
          "ancestorTitles": ["visible decision workflow"],
          "fullName": "visible decision workflow explains the product purpose before any interaction",
          "status": "passed",
          "title": "explains the product purpose before any interaction",
          "duration": 292.76469399999996,
          "failureMessages": [],
          "meta": {},
          "tags": []
        },
        {
          "ancestorTitles": ["visible decision workflow"],
          "fullName": "visible decision workflow surfaces reasoning, confidence, constraints, validation, and rejected alternatives",
          "status": "passed",
          "title": "surfaces reasoning, confidence, constraints, validation, and rejected alternatives",
          "duration": 220.575061,
          "failureMessages": [],
          "meta": {},
          "tags": []
        },
        {
          "ancestorTitles": ["visible decision workflow"],
          "fullName": "visible decision workflow keeps relay locked until both acknowledgements and writes an audit receipt",
          "status": "passed",
          "title": "keeps relay locked until both acknowledgements and writes an audit receipt",
          "duration": 443.2302319999999,
          "failureMessages": [],
          "meta": {},
          "tags": []
        }
      ],
      "startTime": 1783774195991,
      "endTime": 1783774196948.2302,
      "status": "passed",
      "message": "",
      "name": "/home/user/stadium-ops/tests/integration/HomeWorkflow.test.tsx"
    },
    {
      "assertionResults": [
        {
          "ancestorTitles": ["decision workflow"],
          "fullName": "decision workflow compiles provider candidates, challenges them, and selects the safe plan",
          "status": "passed",
          "title": "compiles provider candidates, challenges them, and selects the safe plan",
          "duration": 3.703724999999963,
          "failureMessages": [],
          "meta": {},
          "tags": []
        },
        {
          "ancestorTitles": ["decision workflow"],
          "fullName": "decision workflow returns a typed not-found error",
          "status": "passed",
          "title": "returns a typed not-found error",
          "duration": 1.346812,
          "failureMessages": [],
          "meta": {},
          "tags": []
        },
        {
          "ancestorTitles": ["decision workflow"],
          "fullName": "decision workflow does not blur a provider outage into an unsafe fallback",
          "status": "passed",
          "title": "does not blur a provider outage into an unsafe fallback",
          "duration": 0.5995910000000322,
          "failureMessages": [],
          "meta": {},
          "tags": []
        },
        {
          "ancestorTitles": ["decision workflow"],
          "fullName": "decision workflow rejects a generation response when every candidate is unsafe",
          "status": "passed",
          "title": "rejects a generation response when every candidate is unsafe",
          "duration": 0.6508679999999458,
          "failureMessages": [],
          "meta": {},
          "tags": []
        },
        {
          "ancestorTitles": ["decision workflow"],
          "fullName": "decision workflow persists the approval receipt before returning a relay-ready decision",
          "status": "passed",
          "title": "persists the approval receipt before returning a relay-ready decision",
          "duration": 1.4841229999999541,
          "failureMessages": [],
          "meta": {},
          "tags": []
        },
        {
          "ancestorTitles": ["decision workflow"],
          "fullName": "decision workflow keeps acknowledgement failures out of the audit log",
          "status": "passed",
          "title": "keeps acknowledgement failures out of the audit log",
          "duration": 0.5154639999999517,
          "failureMessages": [],
          "meta": {},
          "tags": []
        },
        {
          "ancestorTitles": ["decision workflow"],
          "fullName": "decision workflow does not report approval when audit persistence fails",
          "status": "passed",
          "title": "does not report approval when audit persistence fails",
          "duration": 0.44676700000002256,
          "failureMessages": [],
          "meta": {},
          "tags": []
        }
      ],
      "startTime": 1783774205786,
      "endTime": 1783774205795.4468,
      "status": "passed",
      "message": "",
      "name": "/home/user/stadium-ops/tests/integration/decisionWorkflow.test.ts"
    },
    {
      "assertionResults": [
        {
          "ancestorTitles": ["visible evidence routes"],
          "fullName": "visible evidence routes renders /quality with a single explicit page identity",
          "status": "passed",
          "title": "renders /quality with a single explicit page identity",
          "duration": 395.88917100000003,
          "failureMessages": [],
          "meta": {},
          "tags": []
        },
        {
          "ancestorTitles": ["visible evidence routes"],
          "fullName": "visible evidence routes renders /architecture with a single explicit page identity",
          "status": "passed",
          "title": "renders /architecture with a single explicit page identity",
          "duration": 330.2033749999998,
          "failureMessages": [],
          "meta": {},
          "tags": []
        },
        {
          "ancestorTitles": ["visible evidence routes"],
          "fullName": "visible evidence routes renders /security with a single explicit page identity",
          "status": "passed",
          "title": "renders /security with a single explicit page identity",
          "duration": 325.1317429999999,
          "failureMessages": [],
          "meta": {},
          "tags": []
        },
        {
          "ancestorTitles": ["visible evidence routes"],
          "fullName": "visible evidence routes renders /testing with a single explicit page identity",
          "status": "passed",
          "title": "renders /testing with a single explicit page identity",
          "duration": 328.9606490000001,
          "failureMessages": [],
          "meta": {},
          "tags": []
        },
        {
          "ancestorTitles": ["visible evidence routes"],
          "fullName": "visible evidence routes renders /accessibility with a single explicit page identity",
          "status": "passed",
          "title": "renders /accessibility with a single explicit page identity",
          "duration": 323.0219020000004,
          "failureMessages": [],
          "meta": {},
          "tags": []
        },
        {
          "ancestorTitles": ["visible evidence routes"],
          "fullName": "visible evidence routes renders /challenge-alignment with a single explicit page identity",
          "status": "passed",
          "title": "renders /challenge-alignment with a single explicit page identity",
          "duration": 317.6566120000002,
          "failureMessages": [],
          "meta": {},
          "tags": []
        },
        {
          "ancestorTitles": ["visible evidence routes"],
          "fullName": "visible evidence routes navigates without a reload and updates current-page state",
          "status": "passed",
          "title": "navigates without a reload and updates current-page state",
          "duration": 162.87017000000014,
          "failureMessages": [],
          "meta": {},
          "tags": []
        },
        {
          "ancestorTitles": ["visible evidence routes"],
          "fullName": "visible evidence routes provides a safe recovery route for an unknown path",
          "status": "passed",
          "title": "provides a safe recovery route for an unknown path",
          "duration": 10.422660999999607,
          "failureMessages": [],
          "meta": {},
          "tags": []
        }
      ],
      "startTime": 1783774189309,
      "endTime": 1783774191503.4226,
      "status": "passed",
      "message": "",
      "name": "/home/user/stadium-ops/tests/integration/evidenceRoutes.test.tsx"
    },
    {
      "assertionResults": [
        {
          "ancestorTitles": ["ErrorBoundary"],
          "fullName": "ErrorBoundary fails closed with a recovery explanation",
          "status": "passed",
          "title": "fails closed with a recovery explanation",
          "duration": 151.32495999999992,
          "failureMessages": [],
          "meta": {},
          "tags": []
        }
      ],
      "startTime": 1783774200506,
      "endTime": 1783774200657.325,
      "status": "passed",
      "message": "",
      "name": "/home/user/stadium-ops/tests/unit/ErrorBoundary.test.tsx"
    },
    {
      "assertionResults": [
        {
          "ancestorTitles": ["GatewayDecisionProvider"],
          "fullName": "GatewayDecisionProvider accepts a schema-valid gateway packet",
          "status": "passed",
          "title": "accepts a schema-valid gateway packet",
          "duration": 43.972424000000046,
          "failureMessages": [],
          "meta": {},
          "tags": []
        },
        {
          "ancestorTitles": ["GatewayDecisionProvider"],
          "fullName": "GatewayDecisionProvider rejects a non-success gateway response",
          "status": "passed",
          "title": "rejects a non-success gateway response",
          "duration": 2.1736239999999043,
          "failureMessages": [],
          "meta": {},
          "tags": []
        },
        {
          "ancestorTitles": ["GatewayDecisionProvider"],
          "fullName": "GatewayDecisionProvider rejects provider output that misses the strict schema",
          "status": "passed",
          "title": "rejects provider output that misses the strict schema",
          "duration": 1.5836570000000165,
          "failureMessages": [],
          "meta": {},
          "tags": []
        },
        {
          "ancestorTitles": ["GatewayDecisionProvider"],
          "fullName": "GatewayDecisionProvider returns a typed unavailable state for a network failure",
          "status": "passed",
          "title": "returns a typed unavailable state for a network failure",
          "duration": 0.7885519999999815,
          "failureMessages": [],
          "meta": {},
          "tags": []
        },
        {
          "ancestorTitles": ["GatewayDecisionProvider"],
          "fullName": "GatewayDecisionProvider distinguishes a timeout from a generic network failure",
          "status": "passed",
          "title": "distinguishes a timeout from a generic network failure",
          "duration": 2.2953019999999924,
          "failureMessages": [],
          "meta": {},
          "tags": []
        }
      ],
      "startTime": 1783774202663,
      "endTime": 1783774202714.2954,
      "status": "passed",
      "message": "",
      "name": "/home/user/stadium-ops/tests/unit/GatewayDecisionProvider.test.ts"
    },
    {
      "assertionResults": [
        {
          "ancestorTitles": ["application service composition"],
          "fullName": "application service composition loads the live gateway only when live mode is selected",
          "status": "passed",
          "title": "loads the live gateway only when live mode is selected",
          "duration": 76.99403500000005,
          "failureMessages": [],
          "meta": {},
          "tags": []
        }
      ],
      "startTime": 1783774201586,
      "endTime": 1783774201662.9941,
      "status": "passed",
      "message": "",
      "name": "/home/user/stadium-ops/tests/unit/applicationServices.test.ts"
    },
    {
      "assertionResults": [
        {
          "ancestorTitles": ["approveDecision"],
          "fullName": "approveDecision blocks approval until both safety acknowledgements are explicit",
          "status": "passed",
          "title": "blocks approval until both safety acknowledgements are explicit",
          "duration": 2.5631819999999834,
          "failureMessages": [],
          "meta": {},
          "tags": []
        },
        {
          "ancestorTitles": ["approveDecision"],
          "fullName": "approveDecision creates an immutable approval receipt for a reviewed decision",
          "status": "passed",
          "title": "creates an immutable approval receipt for a reviewed decision",
          "duration": 0.7671360000000504,
          "failureMessages": [],
          "meta": {},
          "tags": []
        }
      ],
      "startTime": 1783774209369,
      "endTime": 1783774209372.767,
      "status": "passed",
      "message": "",
      "name": "/home/user/stadium-ops/tests/unit/approveDecision.test.ts"
    },
    {
      "assertionResults": [
        {
          "ancestorTitles": ["evaluateCandidate"],
          "fullName": "evaluateCandidate accepts a complete, grounded plan inside hard constraints",
          "status": "passed",
          "title": "accepts a complete, grounded plan inside hard constraints",
          "duration": 3.0157959999999093,
          "failureMessages": [],
          "meta": {},
          "tags": []
        },
        {
          "ancestorTitles": ["evaluateCandidate"],
          "fullName": "evaluateCandidate rejects pressure above the operating envelope",
          "status": "passed",
          "title": "rejects pressure above the operating envelope",
          "duration": 0.7625630000000001,
          "failureMessages": [],
          "meta": {},
          "tags": []
        },
        {
          "ancestorTitles": ["evaluateCandidate"],
          "fullName": "evaluateCandidate uses accessibility as a veto instead of a weighted preference",
          "status": "passed",
          "title": "uses accessibility as a veto instead of a weighted preference",
          "duration": 0.5546020000000453,
          "failureMessages": [],
          "meta": {},
          "tags": []
        },
        {
          "ancestorTitles": ["evaluateCandidate"],
          "fullName": "evaluateCandidate warns between the accessibility floor and target",
          "status": "passed",
          "title": "warns between the accessibility floor and target",
          "duration": 0.47511099999996986,
          "failureMessages": [],
          "meta": {},
          "tags": []
        },
        {
          "ancestorTitles": ["evaluateCandidate"],
          "fullName": "evaluateCandidate prohibits high confidence when transport evidence is stale",
          "status": "passed",
          "title": "prohibits high confidence when transport evidence is stale",
          "duration": 0.4430619999999408,
          "failureMessages": [],
          "meta": {},
          "tags": []
        },
        {
          "ancestorTitles": ["evaluateCandidate"],
          "fullName": "evaluateCandidate warns rather than fabricating freshness for a medium-confidence plan",
          "status": "passed",
          "title": "warns rather than fabricating freshness for a medium-confidence plan",
          "duration": 0.3651800000000094,
          "failureMessages": [],
          "meta": {},
          "tags": []
        },
        {
          "ancestorTitles": ["evaluateCandidate"],
          "fullName": "evaluateCandidate rejects unsupported model-supplied evidence identifiers",
          "status": "passed",
          "title": "rejects unsupported model-supplied evidence identifiers",
          "duration": 0.300907000000052,
          "failureMessages": [],
          "meta": {},
          "tags": []
        },
        {
          "ancestorTitles": ["evaluateCandidate"],
          "fullName": "evaluateCandidate removes latency score when a plan misses the decision target",
          "status": "passed",
          "title": "removes latency score when a plan misses the decision target",
          "duration": 0.35775300000000243,
          "failureMessages": [],
          "meta": {},
          "tags": []
        },
        {
          "ancestorTitles": ["evaluateCandidate"],
          "fullName": "evaluateCandidate rejects incomplete language coverage",
          "status": "passed",
          "title": "rejects incomplete language coverage",
          "duration": 0.41511800000000676,
          "failureMessages": [],
          "meta": {},
          "tags": []
        }
      ],
      "startTime": 1783774207597,
      "endTime": 1783774207603.415,
      "status": "passed",
      "message": "",
      "name": "/home/user/stadium-ops/tests/unit/evaluateCandidate.test.ts"
    },
    {
      "assertionResults": [
        {
          "ancestorTitles": ["evaluation-visible production surface"],
          "fullName": "evaluation-visible production surface publishes robots and a sitemap containing every evidence route",
          "status": "passed",
          "title": "publishes robots and a sitemap containing every evidence route",
          "duration": 2.0283399999999574,
          "failureMessages": [],
          "meta": {},
          "tags": []
        },
        {
          "ancestorTitles": ["evaluation-visible production surface"],
          "fullName": "evaluation-visible production surface uses the exact stadium challenge vocabulary in metadata",
          "status": "passed",
          "title": "uses the exact stadium challenge vocabulary in metadata",
          "duration": 0.6295559999999796,
          "failureMessages": [],
          "meta": {},
          "tags": []
        },
        {
          "ancestorTitles": ["evaluation-visible production surface"],
          "fullName": "evaluation-visible production surface configures every required production security header",
          "status": "passed",
          "title": "configures every required production security header",
          "duration": 0.6118510000000015,
          "failureMessages": [],
          "meta": {},
          "tags": []
        },
        {
          "ancestorTitles": ["evaluation-visible production surface"],
          "fullName": "evaluation-visible production surface uses exact architecture-layer and SOLID vocabulary",
          "status": "passed",
          "title": "uses exact architecture-layer and SOLID vocabulary",
          "duration": 0.4770209999999224,
          "failureMessages": [],
          "meta": {},
          "tags": []
        },
        {
          "ancestorTitles": ["evaluation-visible production surface"],
          "fullName": "evaluation-visible production surface pre-renders evaluator evidence into raw HTML documents",
          "status": "passed",
          "title": "pre-renders evaluator evidence into raw HTML documents",
          "duration": 1.0427049999999554,
          "failureMessages": [],
          "meta": {},
          "tags": []
        },
        {
          "ancestorTitles": ["evaluation-visible production surface"],
          "fullName": "evaluation-visible production surface disables public production source maps",
          "status": "passed",
          "title": "disables public production source maps",
          "duration": 0.1880710000000363,
          "failureMessages": [],
          "meta": {},
          "tags": []
        },
        {
          "ancestorTitles": ["evaluation-visible production surface"],
          "fullName": "evaluation-visible production surface keeps evaluator evidence linked directly from the hero",
          "status": "passed",
          "title": "keeps evaluator evidence linked directly from the hero",
          "duration": 0.3808649999999716,
          "failureMessages": [],
          "meta": {},
          "tags": []
        },
        {
          "ancestorTitles": ["evaluation-visible production surface"],
          "fullName": "evaluation-visible production surface contains no console logging, explicit any, or unresolved markers in source",
          "status": "passed",
          "title": "contains no console logging, explicit any, or unresolved markers in source",
          "duration": 3.6909200000000055,
          "failureMessages": [],
          "meta": {},
          "tags": []
        }
      ],
      "startTime": 1783774206701,
      "endTime": 1783774206709.691,
      "status": "passed",
      "message": "",
      "name": "/home/user/stadium-ops/tests/unit/evaluationSurface.test.ts"
    },
    {
      "assertionResults": [
        {
          "ancestorTitles": ["presentation failure and terminal branches"],
          "fullName": "presentation failure and terminal branches labels compiling, compiled, approved, and error states explicitly",
          "status": "passed",
          "title": "labels compiling, compiled, approved, and error states explicitly",
          "duration": 230.4354189999999,
          "failureMessages": [],
          "meta": {},
          "tags": []
        },
        {
          "ancestorTitles": ["presentation failure and terminal branches"],
          "fullName": "presentation failure and terminal branches retries the stable replay through the explicit error control",
          "status": "passed",
          "title": "retries the stable replay through the explicit error control",
          "duration": 38.01686500000005,
          "failureMessages": [],
          "meta": {},
          "tags": []
        },
        {
          "ancestorTitles": ["presentation failure and terminal branches"],
          "fullName": "presentation failure and terminal branches renders a fully pending operational flow after a typed failure",
          "status": "passed",
          "title": "renders a fully pending operational flow after a typed failure",
          "duration": 14.697577000000138,
          "failureMessages": [],
          "meta": {},
          "tags": []
        },
        {
          "ancestorTitles": ["presentation failure and terminal branches"],
          "fullName": "presentation failure and terminal branches keeps the approval panel in place when application approval fails",
          "status": "passed",
          "title": "keeps the approval panel in place when application approval fails",
          "duration": 150.18577699999992,
          "failureMessages": [],
          "meta": {},
          "tags": []
        },
        {
          "ancestorTitles": ["presentation failure and terminal branches"],
          "fullName": "presentation failure and terminal branches renders no relay when a validated locale cannot be found",
          "status": "passed",
          "title": "renders no relay when a validated locale cannot be found",
          "duration": 2.086913999999979,
          "failureMessages": [],
          "meta": {},
          "tags": []
        },
        {
          "ancestorTitles": ["navigation guard branches"],
          "fullName": "navigation guard branches does not push duplicate history for the current path",
          "status": "passed",
          "title": "does not push duplicate history for the current path",
          "duration": 1.8222769999999855,
          "failureMessages": [],
          "meta": {},
          "tags": []
        },
        {
          "ancestorTitles": ["navigation guard branches"],
          "fullName": "navigation guard branches preserves modified and explicitly prevented link behavior",
          "status": "passed",
          "title": "preserves modified and explicitly prevented link behavior",
          "duration": 13.94360400000005,
          "failureMessages": [],
          "meta": {},
          "tags": []
        }
      ],
      "startTime": 1783774197926,
      "endTime": 1783774198377.9436,
      "status": "passed",
      "message": "",
      "name": "/home/user/stadium-ops/tests/unit/presentationBranches.test.tsx"
    },
    {
      "assertionResults": [
        {
          "ancestorTitles": ["provider boundary"],
          "fullName": "provider boundary keeps replay fixtures inside the same runtime schemas as live mode",
          "status": "passed",
          "title": "keeps replay fixtures inside the same runtime schemas as live mode",
          "duration": 34.34381899999994,
          "failureMessages": [],
          "meta": {},
          "tags": []
        },
        {
          "ancestorTitles": ["provider boundary"],
          "fullName": "provider boundary separates untrusted operational data from the control policy",
          "status": "passed",
          "title": "separates untrusted operational data from the control policy",
          "duration": 0.6530600000000959,
          "failureMessages": [],
          "meta": {},
          "tags": []
        },
        {
          "ancestorTitles": ["provider boundary"],
          "fullName": "provider boundary rejects oversized and unknown candidate fields",
          "status": "passed",
          "title": "rejects oversized and unknown candidate fields",
          "duration": 1.2691079999999602,
          "failureMessages": [],
          "meta": {},
          "tags": []
        }
      ],
      "startTime": 1783774204814,
      "endTime": 1783774204850.269,
      "status": "passed",
      "message": "",
      "name": "/home/user/stadium-ops/tests/unit/providerBoundary.test.ts"
    },
    {
      "assertionResults": [
        {
          "ancestorTitles": ["selectDecision"],
          "fullName": "selectDecision selects an eligible plan ahead of a higher-throughput rejected plan",
          "status": "passed",
          "title": "selects an eligible plan ahead of a higher-throughput rejected plan",
          "duration": 2.5067999999999984,
          "failureMessages": [],
          "meta": {},
          "tags": []
        },
        {
          "ancestorTitles": ["selectDecision"],
          "fullName": "selectDecision returns a typed error when no candidate passes hard constraints",
          "status": "passed",
          "title": "returns a typed error when no candidate passes hard constraints",
          "duration": 1.2072930000000497,
          "failureMessages": [],
          "meta": {},
          "tags": []
        }
      ],
      "startTime": 1783774208487,
      "endTime": 1783774208490.2073,
      "status": "passed",
      "message": "",
      "name": "/home/user/stadium-ops/tests/unit/selectDecision.test.ts"
    },
    {
      "assertionResults": [
        {
          "ancestorTitles": ["server compile handler"],
          "fullName": "server compile handler rejects method, origin, oversized, and malformed requests",
          "status": "passed",
          "title": "rejects method, origin, oversized, and malformed requests",
          "duration": 4.5924119999999675,
          "failureMessages": [],
          "meta": {},
          "tags": []
        },
        {
          "ancestorTitles": ["server compile handler"],
          "fullName": "server compile handler rate limits repeated requests and fails safely without a key",
          "status": "passed",
          "title": "rate limits repeated requests and fails safely without a key",
          "duration": 4.816557999999986,
          "failureMessages": [],
          "meta": {},
          "tags": []
        },
        {
          "ancestorTitles": ["server compile handler"],
          "fullName": "server compile handler returns a validated live packet and rejects invalid provider output",
          "status": "passed",
          "title": "returns a validated live packet and rejects invalid provider output",
          "duration": 9.980015000000094,
          "failureMessages": [],
          "meta": {},
          "tags": []
        },
        {
          "ancestorTitles": ["server provider and boundaries"],
          "fullName": "server provider and boundaries accepts a valid structured Gemini candidate envelope",
          "status": "passed",
          "title": "accepts a valid structured Gemini candidate envelope",
          "duration": 3.1616520000000037,
          "failureMessages": [],
          "meta": {},
          "tags": []
        },
        {
          "ancestorTitles": ["server provider and boundaries"],
          "fullName": "server provider and boundaries classifies unavailable and invalid provider responses",
          "status": "passed",
          "title": "classifies unavailable and invalid provider responses",
          "duration": 2.0086610000000746,
          "failureMessages": [],
          "meta": {},
          "tags": []
        },
        {
          "ancestorTitles": ["server provider and boundaries"],
          "fullName": "server provider and boundaries handles transport exceptions and circular request bodies",
          "status": "passed",
          "title": "handles transport exceptions and circular request bodies",
          "duration": 0.9655990000001111,
          "failureMessages": [],
          "meta": {},
          "tags": []
        },
        {
          "ancestorTitles": ["server provider and boundaries"],
          "fullName": "server provider and boundaries resets limiter buckets after the configured window",
          "status": "passed",
          "title": "resets limiter buckets after the configured window",
          "duration": 0.3999140000000807,
          "failureMessages": [],
          "meta": {},
          "tags": []
        }
      ],
      "startTime": 1783774203775,
      "endTime": 1783774203801.4,
      "status": "passed",
      "message": "",
      "name": "/home/user/stadium-ops/tests/unit/serverCompile.test.ts"
    },
    {
      "assertionResults": [
        {
          "ancestorTitles": ["useDecisionWorkflow"],
          "fullName": "useDecisionWorkflow ignores premature approval and supports an explicit reset",
          "status": "passed",
          "title": "ignores premature approval and supports an explicit reset",
          "duration": 242.30284100000006,
          "failureMessages": [],
          "meta": {},
          "tags": []
        }
      ],
      "startTime": 1783774199350,
      "endTime": 1783774199592.3027,
      "status": "passed",
      "message": "",
      "name": "/home/user/stadium-ops/tests/unit/useDecisionWorkflow.test.tsx"
    }
  ]
}
